[Message: Preloader] BepInEx 6.0.0-dev - VRisingServer (6/6/2025 11:34:47 PM)
[Message: Preloader] Built from commit 3a12d1810bf4dd5ca1635352ccf5bff5d95f987f
[Info   :   BepInEx] System platform: Windows 10 (Wine 10.9) 64-bit
[Info   :   BepInEx] Process bitness: 64-bit (x64)
[Info   :   BepInEx] Running under Unity 2022.3.58f1
[Info   :   BepInEx] Runtime version: 6.0.7
[Info   :   BepInEx] Runtime information: .NET 6.0.7
[Message:InteropManager] Downloading unity base libraries http://unity.bepinex.dev/libraries/2022.3.58.zip
[Message:InteropManager] Extracting downloaded unity base libraries
[Message:InteropManager] Running Cpp2IL to generate dummy assemblies from Z:\mnt\vrising\server\VRisingServer_Data/il2cpp_data/Metadata/global-metadata.dat
[Info   :    Cpp2IL] [Library] Initializing Metadata...
[Info   :    Cpp2IL] [Library] Using actual IL2CPP Metadata version 31.1
[Info   :    Cpp2IL] [Library] Initialized Metadata in 1701ms
[Info   :    Cpp2IL] [Library] Using binary type Portable Executable (from LibCpp2IL)
[Info   :    Cpp2IL] [Library] Searching Binary for Required Data...
[Info   :    Cpp2IL] [Library] Got Binary codereg: 0x18A30D1F0, metareg: 0x18CC47410 in 1537ms.
[Info   :    Cpp2IL] [Library] Initializing Binary...
[Info   :    Cpp2IL] [Library] Initialized Binary in 2889ms
[Info   :    Cpp2IL] [Library] Mapping pointers to Il2CppMethodDefinitions...
[Info   :    Cpp2IL] [Library] Processed 227039 OK (620ms)
[Info   :    Cpp2IL] [Program] Creating application model...
[Info   :    Cpp2IL] [Program] Application model created in 37402.1275ms
[Info   :InteropManager] Cpp2IL finished in 00:01:43.7101086
[Info   :InteropManager] Generating interop assemblies
[Info   :Il2CppInteropGen] Reading assemblies...
[Info   :Il2CppInteropGen] Done in 00:00:00.0380819
[Info   :Il2CppInteropGen] Reading unity assemblies...
[Info   :Il2CppInteropGen] Done in 00:00:00.6867701
[Info   :Il2CppInteropGen] Creating rewrite assemblies...
[Info   :Il2CppInteropGen] Done in 00:00:00.1026632
[Info   :Il2CppInteropGen] Computing renames...
[Info   :Il2CppInteropGen] Done in 00:00:00.6135140
[Info   :Il2CppInteropGen] Creating typedefs...
[Info   :Il2CppInteropGen] Done in 00:00:00.5934173
[Info   :Il2CppInteropGen] Computing struct blittability...
[Info   :Il2CppInteropGen] Done in 00:00:07.8494725
[Info   :Il2CppInteropGen] Creating unboxed struct types...
[Info   :Il2CppInteropGen] Done in 00:00:00.0143065
[Info   :Il2CppInteropGen] Filling typedefs...
[Info   :Il2CppInteropGen] Done in 00:00:01.9904145
[Info   :Il2CppInteropGen] Filling generic constraints...
[Info   :Il2CppInteropGen] Done in 00:00:00.0416491
[Info   :Il2CppInteropGen] Creating members...
[Info   :Il2CppInteropGen] Done in 00:00:05.6763414
[Info   :Il2CppInteropGen] Scanning method cross-references...
[Info   :Il2CppInteropGen] Done in 00:00:09.8333485
[Info   :Il2CppInteropGen] Finalizing method declarations...
[Info   :Il2CppInteropGen] Done in 00:00:28.2600362
[Info   :Il2CppInteropGen] 2467 total potentially dead methods
[Info   :Il2CppInteropGen] Filling method parameters...
[Info   :Il2CppInteropGen] Done in 00:00:11.1314778
[Info   :Il2CppInteropGen] Creating static constructors...
[Info   :Il2CppInteropGen] Done in 00:00:02.4027804
[Info   :Il2CppInteropGen] Creating value type fields...
[Info   :Il2CppInteropGen] Done in 00:00:10.8035142
[Info   :Il2CppInteropGen] Creating enums...
[Info   :Il2CppInteropGen] Done in 00:00:00.3096411
[Info   :Il2CppInteropGen] Creating IntPtr constructors...
[Info   :Il2CppInteropGen] Done in 00:00:00.4514264
[Info   :Il2CppInteropGen] Creating non-blittable struct constructors...
[Info   :Il2CppInteropGen] Done in 00:00:00.1325907
[Info   :Il2CppInteropGen] Creating generic method static constructors...
[Info   :Il2CppInteropGen] Done in 00:00:00.8314369
[Info   :Il2CppInteropGen] Creating field accessors...
[Info   :Il2CppInteropGen] Done in 00:00:11.0737359
[Info   :Il2CppInteropGen] Filling methods...
[Info   :Il2CppInteropGen] Done in 00:00:05.6411487
[Info   :Il2CppInteropGen] Generating implicit conversions...
[Info   :Il2CppInteropGen] Done in 00:00:00.2637325
[Info   :Il2CppInteropGen] Implementing awaiters...
[Info   :Il2CppInteropGen] Done in 00:00:00.0435764
[Info   :Il2CppInteropGen] Creating properties...
[Info   :Il2CppInteropGen] Done in 00:00:01.5198907
[Info   :Il2CppInteropGen] Unstripping types...
[Info   :Il2CppInteropGen] Done in 00:00:00.4569761
[Info   :Il2CppInteropGen] Unstripping fields...
[Info   :Il2CppInteropGen] Restored 438 fields
[Info   :Il2CppInteropGen] Failed to restore 3 fields
[Info   :Il2CppInteropGen] Done in 00:00:00.0542886
[Info   :Il2CppInteropGen] Unstripping methods...
[Info   :Il2CppInteropGen] Restored 14986 methods
[Info   :Il2CppInteropGen] Failed to restore 771 methods
[Info   :Il2CppInteropGen] Done in 00:00:03.5633692
[Info   :Il2CppInteropGen] Unstripping method bodies...
[Info   :Il2CppInteropGen] IL unstrip statistics: 8205 successful, 1223 failed
[Info   :Il2CppInteropGen] Done in 00:00:01.3878675
[Info   :Il2CppInteropGen] Writing xref cache...
[Info   :Il2CppInteropGen] Done in 00:00:04.4053234
[Info   :Il2CppInteropGen] Writing assemblies...
[Info   :Il2CppInteropGen] Done in 00:00:44.3071269
[Info   :Il2CppInteropGen] Writing method pointer map...
[Info   :Il2CppInteropGen] Done in 00:00:00.2345035
[Info   :Il2CppInteropGen] Clearing static data...
[Info   :Il2CppInteropGen] Done in 00:00:00.0001437
[Info   :Il2CppInteropGen] Done!
[Info   : Preloader] 0 patcher plugins loaded
[Info   : Preloader] 0 assemblies discovered
[Message:AssemblyPatcher] Executing 0 patch(es)
[Message:   BepInEx] Chainloader initialized
[Info   :   BepInEx] 2 plugins to load
[Info   :   BepInEx] Loading [VampireCommandFramework 0.10.2]
[Message:VampireCommandFramework] VCF Loaded: 0.10.2
[Info   :   BepInEx] Loading [KindredLogistics 1.5.7]
[Info   :KindredLogistics] Plugin KindredLogistics version 1.5.7 is loaded!
[Message:   BepInEx] Chainloader startup complete
[Warning:Il2CppInterop] Class::Init signatures have been exhausted, using a substitute!
[Info   :Il2CppInterop] Registered mono type BepInEx.Unity.IL2CPP.Utils.Collections.Il2CppManagedEnumerator in il2cpp domain
[Info   :KindredLogistics] KindredLogistics initialized
